<?xml version="1.0" encoding="UTF-8"?>
<testng-results total="1" passed="1" failed="0" skipped="0">
  <reporter-output>
  </reporter-output>
  <suite started-at="2021-07-16T05:47:36Z" name="Default suite" finished-at="2021-07-16T05:48:41Z" duration-ms="64763">
    <groups>
    </groups>
    <test started-at="2021-07-16T05:47:36Z" name="Default test" finished-at="2021-07-16T05:48:41Z" duration-ms="64763">
      <class name="test.remote">
        <test-method signature="setUp()[pri:0, instance:test.remote@68d279ec]" started-at="2021-07-16T11:17:36Z" name="setUp" finished-at="2021-07-16T11:18:41Z" duration-ms="64734" status="PASS">
          <reporter-output>
          </reporter-output>
        </test-method> <!-- setUp -->
      </class> <!-- test.remote -->
    </test> <!-- Default test -->
  </suite> <!-- Default suite -->
</testng-results>
